FAIL ./users.test.ts
  ● Test suite failed to run

    [96musers.ts[0m:[93m186[0m:[93m26[0m - [91merror[0m[90m TS2345: [0mArgument of type 'string | string[]' is not assignable to parameter of type 'string'.
      Type 'string[]' is not assignable to type 'string'.

    [7m186[0m   const user = users.get(req.params.id);
    [7m   [0m [91m                         ~~~~~~~~~~~~~[0m
    [96musers.ts[0m:[93m197[0m:[93m26[0m - [91merror[0m[90m TS2345: [0mArgument of type 'string | string[]' is not assignable to parameter of type 'string'.
      Type 'string[]' is not assignable to type 'string'.

    [7m197[0m   const user = users.get(req.params.id);
    [7m   [0m [91m                         ~~~~~~~~~~~~~[0m
    [96musers.ts[0m:[93m244[0m:[93m18[0m - [91merror[0m[90m TS2345: [0mArgument of type 'string | string[]' is not assignable to parameter of type 'string'.
      Type 'string[]' is not assignable to type 'string'.

    [7m244[0m   if (!users.has(req.params.id)) {
    [7m   [0m [91m                 ~~~~~~~~~~~~~[0m
    [96musers.ts[0m:[93m247[0m:[93m16[0m - [91merror[0m[90m TS2345: [0mArgument of type 'string | string[]' is not assignable to parameter of type 'string'.
      Type 'string[]' is not assignable to type 'string'.

    [7m247[0m   users.delete(req.params.id);
    [7m   [0m [91m               ~~~~~~~~~~~~~[0m

Test Suites: 1 failed, 1 total
Tests:       0 total
Snapshots:   0 total
Time:        3.85 s
Ran all test suites.
